{"/Users/katesaygi/hexlet-jest/nodejs-package/index.js": {"path":"/Users/katesaygi/hexlet-jest/nodejs-package/index.js","statementMap":{},"fnMap":{},"branchMap":{},"s":{},"f":{},"b":{},"_coverageSchema":"1a1c01bbd47fc00a2c39e90264f33305004495a9","hash":"d119c32c56b02b408347b9e09ff3d8a90a357ff3"}
,"/Users/katesaygi/hexlet-jest/nodejs-package/src/half.js": {"path":"/Users/katesaygi/hexlet-jest/nodejs-package/src/half.js","statementMap":{"0":{"start":{"line":9,"column":17},"end":{"line":9,"column":24}},"1":{"start":{"line":10,"column":2},"end":{"line":10,"column":16}}},"fnMap":{"0":{"name":"(anonymous_0)","decl":{"start":{"line":8,"column":15},"end":{"line":8,"column":16}},"loc":{"start":{"line":8,"column":24},"end":{"line":11,"column":1}},"line":8}},"branchMap":{},"s":{"0":1,"1":1},"f":{"0":1},"b":{},"_coverageSchema":"1a1c01bbd47fc00a2c39e90264f33305004495a9","hash":"6e30945fe657d9abb258070d7f1acf6323357b76"}
,"/Users/katesaygi/hexlet-jest/src/index.js": {"path":"/Users/katesaygi/hexlet-jest/src/index.js","statementMap":{"0":{"start":{"line":1,"column":22},"end":{"line":1,"column":54}}},"fnMap":{"0":{"name":"(anonymous_0)","decl":{"start":{"line":1,"column":15},"end":{"line":1,"column":16}},"loc":{"start":{"line":1,"column":22},"end":{"line":1,"column":54}},"line":1}},"branchMap":{},"s":{"0":2},"f":{"0":2},"b":{},"_coverageSchema":"1a1c01bbd47fc00a2c39e90264f33305004495a9","hash":"aa3ad5a394278493348c6df5ac619c378a829394"}
}
